\BOOKMARK [0][-]{title.0}{Title Page}{}% 1
\BOOKMARK [0][-]{chapter*.2}{Preface}{}% 2
\BOOKMARK [0][-]{chapter.1}{Manta Input Device}{}% 3
\BOOKMARK [1][-]{section.1.1}{Quickstart}{chapter.1}% 4
\BOOKMARK [1][-]{section.1.2}{Manta Presets}{chapter.1}% 5
\BOOKMARK [1][-]{section.1.3}{Composition Preset}{chapter.1}% 6
\BOOKMARK [2][-]{subsection.1.3.1}{Getting Started/Basic Use}{section.1.3}% 7
\BOOKMARK [2][-]{subsection.1.3.2}{Left Option Menu}{section.1.3}% 8
\BOOKMARK [2][-]{subsection.1.3.3}{Right Option Menu}{section.1.3}% 9
\BOOKMARK [2][-]{subsection.1.3.4}{Sequencer Outputs}{section.1.3}% 10
\BOOKMARK [2][-]{subsection.1.3.5}{Saving a Sequencer Pattern}{section.1.3}% 11
\BOOKMARK [2][-]{subsection.1.3.6}{Saving a Preset}{section.1.3}% 12
\BOOKMARK [1][-]{section.1.4}{Preferences}{chapter.1}% 13
\BOOKMARK [2][-]{subsection.1.4.1}{Tuning and MIDI Learn}{section.1.4}% 14
\BOOKMARK [2][-]{subsection.1.4.2}{Glide}{section.1.4}% 15
\BOOKMARK [2][-]{subsection.1.4.3}{Internal Clock}{section.1.4}% 16
\BOOKMARK [1][-]{section.1.5}{Monophonic Contoller Preset}{chapter.1}% 17
\BOOKMARK [1][-]{section.1.6}{Duophonic Contoller Preset}{chapter.1}% 18
\BOOKMARK [1][-]{section.1.7}{Triophonic Contoller Preset}{chapter.1}% 19
\BOOKMARK [1][-]{section.1.8}{Tetraphonic Controller Preset}{chapter.1}% 20
\BOOKMARK [1][-]{section.1.9}{CV Contoller Preset}{chapter.1}% 21
\BOOKMARK [1][-]{section.1.10}{Gate Contoller Preset}{chapter.1}% 22
\BOOKMARK [1][-]{section.1.11}{Trigger Contoller Preset}{chapter.1}% 23
\BOOKMARK [0][-]{chapter.2}{Other Input Devices}{}% 24
\BOOKMARK [1][-]{section.2.1}{Computer/DAW}{chapter.2}% 25
\BOOKMARK [1][-]{section.2.2}{USB-MIDI Keyboard Controller}{chapter.2}% 26
\BOOKMARK [1][-]{section.2.3}{USB Game Controller}{chapter.2}% 27
\BOOKMARK [1][-]{section.2.4}{Guitar Hero Controller}{chapter.2}% 28
\BOOKMARK [1][-]{section.2.5}{DDR Dance Pad}{chapter.2}% 29
\BOOKMARK [0][-]{chapter.3}{No Input Device}{}% 30
\BOOKMARK [1][-]{section.3.1}{Presets}{chapter.3}% 31
\BOOKMARK [0][-]{chapter.4}{REMOVE THIS LATER}{}% 32
